1725983939.276787 client started (288452): version 3.4, socket /tmp/tmux-1000/default, protocol 8
1725983939.276808 on Linux 6.10.7-200.fc40.x86_64 #1 SMP PREEMPT_DYNAMIC Fri Aug 30 00:08:59 UTC 2024
1725983939.276815 using libevent 2.1.12-stable poll
1725983939.276819 using ncurses 6.4 20240127
1725983939.276831 flags are 0x10010000
1725983939.276840 socket is /tmp/tmux-1000/default
1725983939.276861 trying connect
1725983939.276913 add peer 0x556a88cba210: 6 ((nil))
1725983939.277208 sending message 100 to peer 0x556a88cba210 (4 bytes)
1725983939.277217 sending message 111 to peer 0x556a88cba210 (8 bytes)
1725983939.277222 sending message 101 to peer 0x556a88cba210 (14 bytes)
1725983939.277226 sending message 109 to peer 0x556a88cba210 (4 bytes)
1725983939.277230 sending message 102 to peer 0x556a88cba210 (11 bytes)
1725983939.277233 sending message 108 to peer 0x556a88cba210 (39 bytes)
1725983939.277237 sending message 112 to peer 0x556a88cba210 (70 bytes)
1725983939.277241 sending message 112 to peer 0x556a88cba210 (5 bytes)
1725983939.277245 sending message 112 to peer 0x556a88cba210 (5 bytes)
1725983939.277249 sending message 112 to peer 0x556a88cba210 (6 bytes)
1725983939.277253 sending message 112 to peer 0x556a88cba210 (6 bytes)
1725983939.277256 sending message 112 to peer 0x556a88cba210 (11 bytes)
1725983939.277261 sending message 112 to peer 0x556a88cba210 (10 bytes)
1725983939.277265 sending message 112 to peer 0x556a88cba210 (13 bytes)
1725983939.277269 sending message 112 to peer 0x556a88cba210 (13 bytes)
1725983939.277274 sending message 112 to peer 0x556a88cba210 (18 bytes)
1725983939.277278 sending message 112 to peer 0x556a88cba210 (11 bytes)
1725983939.277282 sending message 112 to peer 0x556a88cba210 (10 bytes)
1725983939.277285 sending message 112 to peer 0x556a88cba210 (15 bytes)
1725983939.277289 sending message 112 to peer 0x556a88cba210 (21 bytes)
1725983939.277293 sending message 112 to peer 0x556a88cba210 (13 bytes)
1725983939.277297 sending message 112 to peer 0x556a88cba210 (7 bytes)
1725983939.277301 sending message 112 to peer 0x556a88cba210 (13 bytes)
1725983939.277304 sending message 112 to peer 0x556a88cba210 (7 bytes)
1725983939.277308 sending message 112 to peer 0x556a88cba210 (13 bytes)
1725983939.277312 sending message 112 to peer 0x556a88cba210 (9 bytes)
1725983939.277316 sending message 112 to peer 0x556a88cba210 (21 bytes)
1725983939.277320 sending message 112 to peer 0x556a88cba210 (13 bytes)
1725983939.277323 sending message 112 to peer 0x556a88cba210 (8 bytes)
1725983939.277327 sending message 112 to peer 0x556a88cba210 (12 bytes)
1725983939.277331 sending message 112 to peer 0x556a88cba210 (13 bytes)
1725983939.277335 sending message 112 to peer 0x556a88cba210 (9 bytes)
1725983939.277339 sending message 112 to peer 0x556a88cba210 (9 bytes)
1725983939.277342 sending message 112 to peer 0x556a88cba210 (12 bytes)
1725983939.277346 sending message 112 to peer 0x556a88cba210 (8 bytes)
1725983939.277351 sending message 112 to peer 0x556a88cba210 (8 bytes)
1725983939.277355 sending message 112 to peer 0x556a88cba210 (7 bytes)
1725983939.277358 sending message 112 to peer 0x556a88cba210 (7 bytes)
1725983939.277362 sending message 112 to peer 0x556a88cba210 (9 bytes)
1725983939.277366 sending message 112 to peer 0x556a88cba210 (13 bytes)
1725983939.277370 sending message 112 to peer 0x556a88cba210 (6 bytes)
1725983939.277374 sending message 112 to peer 0x556a88cba210 (9 bytes)
1725983939.277377 sending message 112 to peer 0x556a88cba210 (15 bytes)
1725983939.277381 sending message 112 to peer 0x556a88cba210 (13 bytes)
1725983939.277385 sending message 112 to peer 0x556a88cba210 (12 bytes)
1725983939.277389 sending message 112 to peer 0x556a88cba210 (8 bytes)
1725983939.277392 sending message 112 to peer 0x556a88cba210 (14 bytes)
1725983939.277396 sending message 112 to peer 0x556a88cba210 (11 bytes)
1725983939.277400 sending message 112 to peer 0x556a88cba210 (9 bytes)
1725983939.277404 sending message 112 to peer 0x556a88cba210 (10 bytes)
1725983939.277408 sending message 112 to peer 0x556a88cba210 (10 bytes)
1725983939.277421 sending message 112 to peer 0x556a88cba210 (10 bytes)
1725983939.277425 sending message 112 to peer 0x556a88cba210 (10 bytes)
1725983939.277429 sending message 112 to peer 0x556a88cba210 (11 bytes)
1725983939.277433 sending message 112 to peer 0x556a88cba210 (12 bytes)
1725983939.277437 sending message 112 to peer 0x556a88cba210 (12 bytes)
1725983939.277441 sending message 112 to peer 0x556a88cba210 (12 bytes)
1725983939.277445 sending message 112 to peer 0x556a88cba210 (12 bytes)
1725983939.277449 sending message 112 to peer 0x556a88cba210 (12 bytes)
1725983939.277453 sending message 112 to peer 0x556a88cba210 (11 bytes)
1725983939.277456 sending message 112 to peer 0x556a88cba210 (11 bytes)
1725983939.277460 sending message 112 to peer 0x556a88cba210 (12 bytes)
1725983939.277464 sending message 112 to peer 0x556a88cba210 (12 bytes)
1725983939.277468 sending message 112 to peer 0x556a88cba210 (12 bytes)
1725983939.277472 sending message 112 to peer 0x556a88cba210 (12 bytes)
1725983939.277476 sending message 112 to peer 0x556a88cba210 (12 bytes)
1725983939.277479 sending message 112 to peer 0x556a88cba210 (10 bytes)
1725983939.277483 sending message 112 to peer 0x556a88cba210 (12 bytes)
1725983939.277487 sending message 112 to peer 0x556a88cba210 (13 bytes)
1725983939.277491 sending message 112 to peer 0x556a88cba210 (13 bytes)
1725983939.277495 sending message 112 to peer 0x556a88cba210 (13 bytes)
1725983939.277499 sending message 112 to peer 0x556a88cba210 (13 bytes)
1725983939.277502 sending message 112 to peer 0x556a88cba210 (13 bytes)
1725983939.277506 sending message 112 to peer 0x556a88cba210 (8 bytes)
1725983939.277510 sending message 112 to peer 0x556a88cba210 (11 bytes)
1725983939.277514 sending message 112 to peer 0x556a88cba210 (11 bytes)
1725983939.277518 sending message 112 to peer 0x556a88cba210 (11 bytes)
1725983939.277522 sending message 112 to peer 0x556a88cba210 (12 bytes)
1725983939.277525 sending message 112 to peer 0x556a88cba210 (12 bytes)
1725983939.277529 sending message 112 to peer 0x556a88cba210 (12 bytes)
1725983939.277533 sending message 112 to peer 0x556a88cba210 (12 bytes)
1725983939.277537 sending message 112 to peer 0x556a88cba210 (13 bytes)
1725983939.277541 sending message 112 to peer 0x556a88cba210 (13 bytes)
1725983939.277545 sending message 112 to peer 0x556a88cba210 (13 bytes)
1725983939.277548 sending message 112 to peer 0x556a88cba210 (8 bytes)
1725983939.277552 sending message 112 to peer 0x556a88cba210 (13 bytes)
1725983939.277556 sending message 112 to peer 0x556a88cba210 (13 bytes)
1725983939.277560 sending message 112 to peer 0x556a88cba210 (13 bytes)
1725983939.277564 sending message 112 to peer 0x556a88cba210 (13 bytes)
1725983939.277568 sending message 112 to peer 0x556a88cba210 (13 bytes)
1725983939.277571 sending message 112 to peer 0x556a88cba210 (12 bytes)
1725983939.277575 sending message 112 to peer 0x556a88cba210 (12 bytes)
1725983939.277579 sending message 112 to peer 0x556a88cba210 (12 bytes)
1725983939.277583 sending message 112 to peer 0x556a88cba210 (12 bytes)
1725983939.277587 sending message 112 to peer 0x556a88cba210 (13 bytes)
1725983939.277591 sending message 112 to peer 0x556a88cba210 (8 bytes)
1725983939.277594 sending message 112 to peer 0x556a88cba210 (13 bytes)
1725983939.277598 sending message 112 to peer 0x556a88cba210 (13 bytes)
1725983939.277602 sending message 112 to peer 0x556a88cba210 (13 bytes)
1725983939.277606 sending message 112 to peer 0x556a88cba210 (13 bytes)
1725983939.277610 sending message 112 to peer 0x556a88cba210 (13 bytes)
1725983939.277614 sending message 112 to peer 0x556a88cba210 (13 bytes)
1725983939.277617 sending message 112 to peer 0x556a88cba210 (13 bytes)
1725983939.277621 sending message 112 to peer 0x556a88cba210 (12 bytes)
1725983939.277625 sending message 112 to peer 0x556a88cba210 (12 bytes)
1725983939.277629 sending message 112 to peer 0x556a88cba210 (12 bytes)
1725983939.277633 sending message 112 to peer 0x556a88cba210 (8 bytes)
1725983939.277637 sending message 112 to peer 0x556a88cba210 (12 bytes)
1725983939.277645 sending message 112 to peer 0x556a88cba210 (13 bytes)
1725983939.277649 sending message 112 to peer 0x556a88cba210 (13 bytes)
1725983939.277653 sending message 112 to peer 0x556a88cba210 (13 bytes)
1725983939.277657 sending message 112 to peer 0x556a88cba210 (13 bytes)
1725983939.277661 sending message 112 to peer 0x556a88cba210 (13 bytes)
1725983939.277665 sending message 112 to peer 0x556a88cba210 (13 bytes)
1725983939.277669 sending message 112 to peer 0x556a88cba210 (13 bytes)
1725983939.277672 sending message 112 to peer 0x556a88cba210 (13 bytes)
1725983939.277676 sending message 112 to peer 0x556a88cba210 (12 bytes)
1725983939.277680 sending message 112 to peer 0x556a88cba210 (10 bytes)
1725983939.277684 sending message 112 to peer 0x556a88cba210 (12 bytes)
1725983939.277688 sending message 112 to peer 0x556a88cba210 (12 bytes)
1725983939.277691 sending message 112 to peer 0x556a88cba210 (12 bytes)
1725983939.277695 sending message 112 to peer 0x556a88cba210 (13 bytes)
1725983939.277699 sending message 112 to peer 0x556a88cba210 (13 bytes)
1725983939.277703 sending message 112 to peer 0x556a88cba210 (13 bytes)
1725983939.277707 sending message 112 to peer 0x556a88cba210 (13 bytes)
1725983939.277711 sending message 112 to peer 0x556a88cba210 (13 bytes)
1725983939.277714 sending message 112 to peer 0x556a88cba210 (13 bytes)
1725983939.277718 sending message 112 to peer 0x556a88cba210 (13 bytes)
1725983939.277722 sending message 112 to peer 0x556a88cba210 (10 bytes)
1725983939.277726 sending message 112 to peer 0x556a88cba210 (13 bytes)
1725983939.277730 sending message 112 to peer 0x556a88cba210 (12 bytes)
1725983939.277734 sending message 112 to peer 0x556a88cba210 (12 bytes)
1725983939.277737 sending message 112 to peer 0x556a88cba210 (12 bytes)
1725983939.277742 sending message 112 to peer 0x556a88cba210 (10 bytes)
1725983939.277746 sending message 112 to peer 0x556a88cba210 (10 bytes)
1725983939.277750 sending message 112 to peer 0x556a88cba210 (10 bytes)
1725983939.277754 sending message 112 to peer 0x556a88cba210 (12 bytes)
1725983939.277758 sending message 112 to peer 0x556a88cba210 (13 bytes)
1725983939.277762 sending message 112 to peer 0x556a88cba210 (13 bytes)
1725983939.277766 sending message 112 to peer 0x556a88cba210 (13 bytes)
1725983939.277770 sending message 112 to peer 0x556a88cba210 (13 bytes)
1725983939.277773 sending message 112 to peer 0x556a88cba210 (13 bytes)
1725983939.277777 sending message 112 to peer 0x556a88cba210 (11 bytes)
1725983939.277781 sending message 112 to peer 0x556a88cba210 (11 bytes)
1725983939.277785 sending message 112 to peer 0x556a88cba210 (12 bytes)
1725983939.277789 sending message 112 to peer 0x556a88cba210 (12 bytes)
1725983939.277793 sending message 112 to peer 0x556a88cba210 (12 bytes)
1725983939.277797 sending message 112 to peer 0x556a88cba210 (12 bytes)
1725983939.277800 sending message 112 to peer 0x556a88cba210 (12 bytes)
1725983939.277804 sending message 112 to peer 0x556a88cba210 (11 bytes)
1725983939.277808 sending message 112 to peer 0x556a88cba210 (12 bytes)
1725983939.277812 sending message 112 to peer 0x556a88cba210 (12 bytes)
1725983939.277816 sending message 112 to peer 0x556a88cba210 (13 bytes)
1725983939.277819 sending message 112 to peer 0x556a88cba210 (13 bytes)
1725983939.277823 sending message 112 to peer 0x556a88cba210 (13 bytes)
1725983939.277827 sending message 112 to peer 0x556a88cba210 (13 bytes)
1725983939.277831 sending message 112 to peer 0x556a88cba210 (13 bytes)
1725983939.277835 sending message 112 to peer 0x556a88cba210 (10 bytes)
1725983939.277839 sending message 112 to peer 0x556a88cba210 (9 bytes)
1725983939.277842 sending message 112 to peer 0x556a88cba210 (12 bytes)
1725983939.277846 sending message 112 to peer 0x556a88cba210 (13 bytes)
1725983939.277850 sending message 112 to peer 0x556a88cba210 (13 bytes)
1725983939.277854 sending message 112 to peer 0x556a88cba210 (13 bytes)
1725983939.277858 sending message 112 to peer 0x556a88cba210 (13 bytes)
1725983939.277862 sending message 112 to peer 0x556a88cba210 (13 bytes)
1725983939.277870 sending message 112 to peer 0x556a88cba210 (9 bytes)
1725983939.277874 sending message 112 to peer 0x556a88cba210 (12 bytes)
1725983939.277878 sending message 112 to peer 0x556a88cba210 (13 bytes)
1725983939.277882 sending message 112 to peer 0x556a88cba210 (13 bytes)
1725983939.277886 sending message 112 to peer 0x556a88cba210 (13 bytes)
1725983939.277889 sending message 112 to peer 0x556a88cba210 (13 bytes)
1725983939.277893 sending message 112 to peer 0x556a88cba210 (13 bytes)
1725983939.277897 sending message 112 to peer 0x556a88cba210 (11 bytes)
1725983939.277901 sending message 112 to peer 0x556a88cba210 (12 bytes)
1725983939.277905 sending message 112 to peer 0x556a88cba210 (13 bytes)
1725983939.277909 sending message 112 to peer 0x556a88cba210 (13 bytes)
1725983939.277912 sending message 112 to peer 0x556a88cba210 (13 bytes)
1725983939.277916 sending message 112 to peer 0x556a88cba210 (13 bytes)
1725983939.277920 sending message 112 to peer 0x556a88cba210 (13 bytes)
1725983939.277924 sending message 112 to peer 0x556a88cba210 (11 bytes)
1725983939.277928 sending message 112 to peer 0x556a88cba210 (12 bytes)
1725983939.277932 sending message 112 to peer 0x556a88cba210 (12 bytes)
1725983939.277935 sending message 112 to peer 0x556a88cba210 (12 bytes)
1725983939.277939 sending message 112 to peer 0x556a88cba210 (12 bytes)
1725983939.277943 sending message 112 to peer 0x556a88cba210 (12 bytes)
1725983939.277947 sending message 112 to peer 0x556a88cba210 (21 bytes)
1725983939.277951 sending message 112 to peer 0x556a88cba210 (12 bytes)
1725983939.277955 sending message 112 to peer 0x556a88cba210 (9 bytes)
1725983939.277959 sending message 112 to peer 0x556a88cba210 (6 bytes)
1725983939.277963 sending message 112 to peer 0x556a88cba210 (13 bytes)
1725983939.277967 sending message 112 to peer 0x556a88cba210 (8 bytes)
1725983939.277970 sending message 112 to peer 0x556a88cba210 (15 bytes)
1725983939.277974 sending message 112 to peer 0x556a88cba210 (13 bytes)
1725983939.277978 sending message 112 to peer 0x556a88cba210 (9 bytes)
1725983939.277982 sending message 112 to peer 0x556a88cba210 (70 bytes)
1725983939.277986 sending message 112 to peer 0x556a88cba210 (69 bytes)
1725983939.277990 sending message 112 to peer 0x556a88cba210 (10 bytes)
1725983939.277994 sending message 112 to peer 0x556a88cba210 (10 bytes)
1725983939.277997 sending message 112 to peer 0x556a88cba210 (8 bytes)
1725983939.278001 sending message 112 to peer 0x556a88cba210 (15 bytes)
1725983939.278005 sending message 112 to peer 0x556a88cba210 (13 bytes)
1725983939.278009 sending message 112 to peer 0x556a88cba210 (10 bytes)
1725983939.278013 sending message 112 to peer 0x556a88cba210 (10 bytes)
1725983939.278017 sending message 112 to peer 0x556a88cba210 (17 bytes)
1725983939.278020 sending message 112 to peer 0x556a88cba210 (10 bytes)
1725983939.278024 sending message 112 to peer 0x556a88cba210 (13 bytes)
1725983939.278028 sending message 112 to peer 0x556a88cba210 (9 bytes)
1725983939.278032 sending message 112 to peer 0x556a88cba210 (5 bytes)
1725983939.278036 sending message 112 to peer 0x556a88cba210 (15 bytes)
1725983939.278041 sending message 104 to peer 0x556a88cba210 (0 bytes)
1725983939.278045 sending message 110 to peer 0x556a88cba210 (0 bytes)
1725983939.278049 sending message 107 to peer 0x556a88cba210 (4 bytes)
1725983939.278053 sending message 105 to peer 0x556a88cba210 (40 bytes)
1725983939.278056 sending message 105 to peer 0x556a88cba210 (57 bytes)
1725983939.278060 sending message 105 to peer 0x556a88cba210 (29 bytes)
1725983939.278063 sending message 105 to peer 0x556a88cba210 (27 bytes)
1725983939.278067 sending message 105 to peer 0x556a88cba210 (20 bytes)
1725983939.278070 sending message 105 to peer 0x556a88cba210 (54 bytes)
1725983939.278074 sending message 105 to peer 0x556a88cba210 (55 bytes)
1725983939.278078 sending message 105 to peer 0x556a88cba210 (19 bytes)
1725983939.278081 sending message 105 to peer 0x556a88cba210 (11 bytes)
1725983939.278085 sending message 105 to peer 0x556a88cba210 (53 bytes)
1725983939.278094 sending message 105 to peer 0x556a88cba210 (21 bytes)
1725983939.278103 sending message 105 to peer 0x556a88cba210 (73 bytes)
1725983939.278107 sending message 105 to peer 0x556a88cba210 (60 bytes)
1725983939.278111 sending message 105 to peer 0x556a88cba210 (26 bytes)
1725983939.278114 sending message 105 to peer 0x556a88cba210 (65 bytes)
1725983939.278118 sending message 105 to peer 0x556a88cba210 (141 bytes)
1725983939.278122 sending message 105 to peer 0x556a88cba210 (66 bytes)
1725983939.278126 sending message 105 to peer 0x556a88cba210 (219 bytes)
1725983939.278130 sending message 105 to peer 0x556a88cba210 (20 bytes)
1725983939.278133 sending message 105 to peer 0x556a88cba210 (69 bytes)
1725983939.278137 sending message 105 to peer 0x556a88cba210 (14 bytes)
1725983939.278140 sending message 105 to peer 0x556a88cba210 (21 bytes)
1725983939.278144 sending message 105 to peer 0x556a88cba210 (15 bytes)
1725983939.278147 sending message 105 to peer 0x556a88cba210 (23 bytes)
1725983939.278151 sending message 105 to peer 0x556a88cba210 (15 bytes)
1725983939.278154 sending message 105 to peer 0x556a88cba210 (17 bytes)
1725983939.278158 sending message 105 to peer 0x556a88cba210 (16 bytes)
1725983939.278162 sending message 105 to peer 0x556a88cba210 (41 bytes)
1725983939.278165 sending message 105 to peer 0x556a88cba210 (17 bytes)
1725983939.278169 sending message 105 to peer 0x556a88cba210 (8 bytes)
1725983939.278172 sending message 105 to peer 0x556a88cba210 (35 bytes)
1725983939.278176 sending message 105 to peer 0x556a88cba210 (24 bytes)
1725983939.278179 sending message 105 to peer 0x556a88cba210 (24 bytes)
1725983939.278183 sending message 105 to peer 0x556a88cba210 (21 bytes)
1725983939.278186 sending message 105 to peer 0x556a88cba210 (21 bytes)
1725983939.278189 sending message 105 to peer 0x556a88cba210 (27 bytes)
1725983939.278193 sending message 105 to peer 0x556a88cba210 (21 bytes)
1725983939.278196 sending message 105 to peer 0x556a88cba210 (24 bytes)
1725983939.278200 sending message 105 to peer 0x556a88cba210 (14 bytes)
1725983939.278203 sending message 105 to peer 0x556a88cba210 (32 bytes)
1725983939.278207 sending message 105 to peer 0x556a88cba210 (1823 bytes)
1725983939.278218 sending message 105 to peer 0x556a88cba210 (27 bytes)
1725983939.278222 sending message 105 to peer 0x556a88cba210 (73 bytes)
1725983939.278225 sending message 105 to peer 0x556a88cba210 (68 bytes)
1725983939.278229 sending message 105 to peer 0x556a88cba210 (53 bytes)
1725983939.278232 sending message 105 to peer 0x556a88cba210 (44 bytes)
1725983939.278236 sending message 105 to peer 0x556a88cba210 (12 bytes)
1725983939.278239 sending message 105 to peer 0x556a88cba210 (11 bytes)
1725983939.278243 sending message 105 to peer 0x556a88cba210 (221 bytes)
1725983939.278246 sending message 105 to peer 0x556a88cba210 (43 bytes)
1725983939.278250 sending message 105 to peer 0x556a88cba210 (19 bytes)
1725983939.278253 sending message 105 to peer 0x556a88cba210 (8 bytes)
1725983939.278257 sending message 105 to peer 0x556a88cba210 (15 bytes)
1725983939.278260 sending message 105 to peer 0x556a88cba210 (19 bytes)
1725983939.278264 sending message 105 to peer 0x556a88cba210 (47 bytes)
1725983939.278267 sending message 105 to peer 0x556a88cba210 (19 bytes)
1725983939.278271 sending message 105 to peer 0x556a88cba210 (18 bytes)
1725983939.278274 sending message 105 to peer 0x556a88cba210 (25 bytes)
1725983939.278278 sending message 105 to peer 0x556a88cba210 (37 bytes)
1725983939.278281 sending message 105 to peer 0x556a88cba210 (13 bytes)
1725983939.278285 sending message 105 to peer 0x556a88cba210 (59 bytes)
1725983939.278288 sending message 105 to peer 0x556a88cba210 (11 bytes)
1725983939.278292 sending message 105 to peer 0x556a88cba210 (15 bytes)
1725983939.278295 sending message 105 to peer 0x556a88cba210 (18 bytes)
1725983939.278299 sending message 105 to peer 0x556a88cba210 (13 bytes)
1725983939.278302 sending message 105 to peer 0x556a88cba210 (41 bytes)
1725983939.278306 sending message 105 to peer 0x556a88cba210 (23 bytes)
1725983939.278317 sending message 105 to peer 0x556a88cba210 (212 bytes)
1725983939.278320 sending message 105 to peer 0x556a88cba210 (31 bytes)
1725983939.278324 sending message 105 to peer 0x556a88cba210 (15 bytes)
1725983939.278327 sending message 105 to peer 0x556a88cba210 (23 bytes)
1725983939.278331 sending message 105 to peer 0x556a88cba210 (23 bytes)
1725983939.278334 sending message 105 to peer 0x556a88cba210 (17 bytes)
1725983939.278338 sending message 105 to peer 0x556a88cba210 (21 bytes)
1725983939.278341 sending message 105 to peer 0x556a88cba210 (11 bytes)
1725983939.278345 sending message 105 to peer 0x556a88cba210 (34 bytes)
1725983939.278348 sending message 105 to peer 0x556a88cba210 (27 bytes)
1725983939.278352 sending message 105 to peer 0x556a88cba210 (16 bytes)
1725983939.278355 sending message 105 to peer 0x556a88cba210 (24 bytes)
1725983939.278359 sending message 105 to peer 0x556a88cba210 (20 bytes)
1725983939.278362 sending message 105 to peer 0x556a88cba210 (17 bytes)
1725983939.278365 sending message 105 to peer 0x556a88cba210 (10 bytes)
1725983939.278369 sending message 106 to peer 0x556a88cba210 (0 bytes)
1725983939.278398 sending message 200 to peer 0x556a88cba210 (4 bytes)
1725983939.278402 client loop enter
1725983939.279143 peer 0x556a88cba210 message 303
1725983939.279152 open write file 2 -
1725983939.279160 sending message 305 to peer 0x556a88cba210 (8 bytes)
1725983939.279168 write check file 2
1725983939.279287 peer 0x556a88cba210 message 304
1725983939.279295 write 58 to file 2
1725983939.279300 peer 0x556a88cba210 message 203
1725983939.279304 file 2 58 bytes left
1725983939.279318 write check file 2
1725983939.279321 client loop exit
